CS240: lab4. cs240 Tue Oct 13 21:53:11 EDT 2015  Total:  9 of 100

CS240: lab4. cs240 Tue Oct 13 21:57:46 EDT 2015  Total:  10 of 100

CS240: lab4. cs240 Tue Oct 13 21:58:16 EDT 2015  Total:  -11 of 79

CS240: lab4. cs240 Tue Oct 13 22:00:08 EDT 2015  Total:  -14 of 64

CS240: lab4. cs240 Tue Oct 13 22:00:41 EDT 2015  Total:  -14 of 64

CS240: lab5. cs240 Tue Oct 13 22:01:11 EDT 2015  Total:  6 of 64

CS240: lab5. bdenison Fri Oct 16 16:16:57 EDT 2015  Total:  9 of 64

CS240: lab5. bdenison Fri Oct 16 16:20:44 EDT 2015  Total:  12 of 64

CS240: lab5. bdenison Fri Oct 16 16:21:10 EDT 2015  Total:  12 of 64

CS240: lab5. bdenison Fri Oct 16 16:28:43 EDT 2015  Total:  12 of 64

CS240: lab5. bdenison Fri Oct 16 16:44:27 EDT 2015  Total:  15 of 64

CS240: lab5. bdenison Fri Oct 23 16:41:23 EDT 2015  Total:  18 of 64

CS240: lab5. bdenison Fri Oct 23 16:47:47 EDT 2015  Total:  21 of 64

CS240: lab5. bdenison Wed Oct 28 12:59:57 EDT 2015  Total:  21 of 64

CS240: lab5. bdenison Wed Oct 28 14:52:44 EDT 2015  Total:  21 of 64

CS240: lab5. bdenison Wed Oct 28 15:04:49 EDT 2015  Total:  24 of 64

CS240: lab5. bdenison Wed Oct 28 15:14:43 EDT 2015  Total:  24 of 64

CS240: lab5. bdenison Wed Oct 28 15:15:50 EDT 2015  Total:  24 of 64

CS240: lab5. bdenison Wed Oct 28 15:18:30 EDT 2015  Total:  24 of 64

CS240: lab5. bdenison Wed Oct 28 15:22:45 EDT 2015  Total:  24 of 64

CS240: lab5. bdenison Wed Oct 28 15:23:17 EDT 2015  Total:  24 of 64

CS240: lab5. bdenison Wed Oct 28 15:24:50 EDT 2015  Total:  24 of 64

CS240: lab5. bdenison Wed Oct 28 15:29:59 EDT 2015  Total:  24 of 64

CS240: lab5. bdenison Wed Oct 28 16:01:02 EDT 2015  Total:  24 of 64

CS240: lab5. bdenison Wed Oct 28 16:05:27 EDT 2015  Total:  24 of 64

CS240: lab5. bdenison Wed Oct 28 16:09:18 EDT 2015  Total:  32 of 64

CS240: lab5. bdenison Wed Oct 28 16:13:28 EDT 2015  Total:  32 of 64

CS240: lab5. bdenison Wed Oct 28 16:31:33 EDT 2015  Total:  32 of 64

CS240: lab5. bdenison Wed Oct 28 16:33:22 EDT 2015  Total:  32 of 64

CS240: lab5. bdenison Wed Oct 28 16:48:36 EDT 2015  Total:  32 of 64

CS240: lab5. bdenison Wed Oct 28 16:55:10 EDT 2015  Total:  32 of 64

CS240: lab5. bdenison Wed Oct 28 16:59:03 EDT 2015  Total:  32 of 64

CS240: lab5. bdenison Wed Oct 28 16:59:59 EDT 2015  Total:  41 of 64

CS240: lab5. bdenison Wed Oct 28 17:01:37 EDT 2015  Total:  41 of 64

CS240: lab5. bdenison Wed Oct 28 17:03:17 EDT 2015  Total:  44 of 64

CS240: lab5. bdenison Wed Oct 28 17:06:53 EDT 2015  Total:  44 of 64

CS240: lab5. bdenison Wed Oct 28 17:12:12 EDT 2015  Total:  44 of 64

CS240: lab5. bdenison Wed Oct 28 17:14:50 EDT 2015  Total:  48 of 64

CS240: lab5. bdenison Wed Oct 28 17:16:57 EDT 2015  Total:  52 of 64

CS240: lab5. bdenison Wed Oct 28 22:55:39 EDT 2015  Total:  52 of 64

CS240: lab5. bdenison Wed Oct 28 22:56:39 EDT 2015  Total:  52 of 64

CS240: lab5. bdenison Wed Oct 28 22:58:07 EDT 2015  Total:  58 of 64

CS240: lab5. bdenison Wed Oct 28 23:00:29 EDT 2015  Total:  61 of 64

CS240: lab5. bdenison Mon Dec 7 19:18:00 EST 2015  Total:  61 of 64

