2,9c2,9
<                      **                 |     **                       **       
<                     *                   |    *                        *  *      
<                        *                |       *                               
<                    *                    |   *                        *          
<                                         |        *                        *     
<                         *               |                                       
<                   *                     |  *                                    
<                                         |                           *      *    
---
>                     * *                 |     **                       **       
>                                         |    *  *                     *  *      
>                    *   *                |                                       
>                                         |   *                        *          
>                         *               |        *                        *     
>                   *                     |                                       
>                                         |  *                        *           
>                                         |                                  *    
11,15c11,15
< *                                       |                                       
<                  *                      | *                                     
<                                         |                          *        *   
<                                         |          *                            
<  *                        *             |                                       
---
> *                *                      |                                       
>                                         | *                        *            
>                                         |                                   *   
>                           *             |          *                            
>  *                                      |                                       
28,32c28,32
<                                         |             *                        *
<                              *          |                                       
<     *        *                          |                                       
<                                       * |                      *                
<                                         |                                       
---
>                                         |                                      *
>                              *          |             *                         
>     *                                   |                                       
>              *                        * |                                       
>                                         |                      *                
34,41c34,41
<      *      *                           |                                       
<                                      *  |                     *                 
<                                         |               *                       
<       *                        *        |                                       
<            *                        *   |                    *                  
<                                 *       |                *                      
<        *  *                        *    |                   *                   
<         **                       **     |                 **                    
---
>      *                                  |                                       
>             *                        *  |                                       
>                                         |                     *                 
>       *                        *        |               *                       
>            *                        *   |                                       
>                                         |                *   *                  
>        *  *                     *  *    |                                       
>         **                       **     |                 ***                   
