On branch master

Initial commit

Untracked files:
	.local.total.out
	Makefile
	countline.c.save
	countlines
	countlines.c
	countlines.c~
	countlines.org
	countlines.org.out
	countlines.out
	diff.out
	git.out
	hamlet
	in1
	in2
	lab3-src.tar
	nextword.c
	nextword.c.save
	nextword.c~
	nextword.h
	none
	pico.save
	plot
	plot.c
	plot.org
	plot.org.out
	plot.out
	plt.c
	rpn.c
	rpn.h
	rpn1
	rpn10
	rpn11
	rpn12
	rpn13
	rpn14
	rpn15
	rpn16
	rpn2
	rpn3
	rpn4
	rpn5
	rpn6
	rpn7
	rpn8
	rpn9
	rpnbak.c
	rpncalc
	rpncalc.c
	rpncalc.org
	rpncalc.org.out
	rpncalc.out
	stack.c
	stack.h
	test_stack
	test_stack.c
	test_stack.org
	test_stack.org.out
	test_stack.out
	testall
	toascii
	toascii.c
	total.out
	total.txt
	towords
	towords.c
	towords.org
	towords.org.out
	towords.out

nothing added to commit but untracked files present
